<?xml version="1.0" encoding="UTF-8"?>
<testsuite name="com.ThesisIsComing.iihk_89.infrastructure.aktivAdapter.web.StudiControllerTest" tests="5" skipped="0" failures="0" errors="0" timestamp="2026-03-17T07:19:09.511Z" hostname="hichamalkarmi-MS-7E05" time="0.062">
  <properties/>
  <testcase name="aus der db werden 2 fachgebiete geholt" classname="com.ThesisIsComing.iihk_89.infrastructure.aktivAdapter.web.StudiControllerTest" time="0.024"/>
  <testcase name="es gibt 2 Betreuer und diese werden aus der db geholt" classname="com.ThesisIsComing.iihk_89.infrastructure.aktivAdapter.web.StudiControllerTest" time="0.009"/>
  <testcase name="es gibt keine Betreuer" classname="com.ThesisIsComing.iihk_89.infrastructure.aktivAdapter.web.StudiControllerTest" time="0.012"/>
  <testcase name="es gibt zwei Themen" classname="com.ThesisIsComing.iihk_89.infrastructure.aktivAdapter.web.StudiControllerTest" time="0.009"/>
  <testcase name="es gibt noch Themen" classname="com.ThesisIsComing.iihk_89.infrastructure.aktivAdapter.web.StudiControllerTest" time="0.004"/>
  <system-out><![CDATA[2026-03-17T08:19:09.242+01:00  INFO 35356 --- [    Test worker] t.c.s.AnnotationConfigContextLoaderUtils : Could not detect default configuration classes for test class [com.ThesisIsComing.iihk_89.infrastructure.aktivAdapter.web.StudiControllerTest]: StudiControllerTest does not declare any static, non-private, non-final, nested classes annotated with @Configuration.
2026-03-17T08:19:09.253+01:00  INFO 35356 --- [    Test worker] .b.t.c.SpringBootTestContextBootstrapper : Found @SpringBootConfiguration com.ThesisIsComing.iihk_89.Application for test class com.ThesisIsComing.iihk_89.infrastructure.aktivAdapter.web.StudiControllerTest

  .   ____          _            __ _ _
 /\\ / ___'_ __ _ _(_)_ __  __ _ \ \ \ \
( ( )\___ | '_ | '_| | '_ \/ _` | \ \ \ \
 \\/  ___)| |_)| | | | | || (_| |  ) ) ) )
  '  |____| .__|_| |_|_| |_\__, | / / / /
 =========|_|==============|___/=/_/_/_/

 :: Spring Boot ::                (v3.3.5)

2026-03-17T08:19:09.278+01:00  INFO 35356 --- [    Test worker] c.T.i.i.a.web.StudiControllerTest        : Starting StudiControllerTest using Java 21.0.10 with PID 35356 (started by hichamalkarmi in /home/hichamalkarmi/thesis-iihk_89)
2026-03-17T08:19:09.279+01:00  INFO 35356 --- [    Test worker] c.T.i.i.a.web.StudiControllerTest        : No active profile set, falling back to 1 default profile: "default"
2026-03-17T08:19:09.506+01:00  INFO 35356 --- [    Test worker] o.s.b.t.m.w.SpringBootMockServletContext : Initializing Spring TestDispatcherServlet ''
2026-03-17T08:19:09.506+01:00  INFO 35356 --- [    Test worker] o.s.t.web.servlet.TestDispatcherServlet  : Initializing Servlet ''
2026-03-17T08:19:09.506+01:00  INFO 35356 --- [    Test worker] o.s.t.web.servlet.TestDispatcherServlet  : Completed initialization in 0 ms
2026-03-17T08:19:09.510+01:00  INFO 35356 --- [    Test worker] c.T.i.i.a.web.StudiControllerTest        : Started StudiControllerTest in 0.253 seconds (process running for 5.466)
]]></system-out>
  <system-err><![CDATA[]]></system-err>
</testsuite>
